initial values:
uv1:
[array([2.46590000e+00, 0.00000000e+00, 1.50992827e-16]), array([-1.23295000e+00,  2.13553204e+00,  1.50992827e-16])]
uv2:
[array([6.46099199e+00, 0.00000000e+00, 3.95621658e-16]), array([-9.58164224e-01,  2.29621704e+00,  1.52352797e-16])]
 
rmax1, rmax2: 18, 6

searching ...

MATCH FOUND

optimum values:
uv1:
[array([-3.69885   ,  2.13553204,  0.        ]), array([8.63065000e+00, 1.49487243e+01, 2.11389958e-15])]
uv2:
[array([5.50282776e+00, 2.29621704e+00, 5.47974455e-16]), array([-4.79082112e+00,  1.14810852e+01,  7.61763987e-16])]
area:
73.72411851430172

optimum transition matrices:
tm1:
[[-1  1]
 [ 7  7]]
tm2:
[[1 1]
 [0 5]]

u,v & angle mismatches:
0.3960676805911356, -0.27928081894179424, 1.4210854715202004e-14

