initial values:
uv1:
[array([2.46590000e+00, 0.00000000e+00, 1.50992827e-16]), array([-1.23295000e+00,  2.13553204e+00,  1.50992827e-16])]
uv2:
[array([2.73815000e+00, 0.00000000e+00, 1.67663332e-16]), array([-1.36907500e+00,  4.89356495e+00,  3.11150340e-16])]
 
rmax1, rmax2: 18, 7

searching ...

MATCH FOUND

optimum values:
uv1:
[array([-3.69885   ,  2.13553204,  0.        ]), array([6.16475000e+00, 1.06776602e+01, 1.50992827e-15])]
uv2:
[array([2.73815000e+00, 0.00000000e+00, 1.67663332e-16]), array([ 8.88178420e-16, -1.95742598e+01, -1.57992802e-15])]
area:
52.660084653072694

optimum transition matrices:
tm1:
[[-1  1]
 [ 5  5]]
tm2:
[[ 1  0]
 [-2 -4]]

u,v & angle mismatches:
-0.3589068333745997, 0.5875955863794211, 1.4210854715202004e-14

