initial values:
uv1:
[array([2.46590000e+00, 0.00000000e+00, 1.50992827e-16]), array([-1.23295000e+00,  2.13553204e+00,  1.50992827e-16])]
uv2:
[array([1.38727190e+01, 0.00000000e+00, 8.49459043e-16]), array([-1.09521465e+01,  3.42467472e+00,  7.02647200e-16])]
 
rmax1, rmax2: 18, 2

searching ...

MATCH FOUND

optimum values:
uv1:
[array([ 1.23295000e+00, -2.13553204e+00, -1.50992827e-16]), array([3.32896500e+01, 1.92197884e+01, 4.07680633e-15])]
uv2:
[array([2.92057241e+00, 3.42467472e+00, 1.55210624e-15]), array([ 1.60631483e+01, -1.36986989e+01, -4.50950689e-15])]
area:
94.7881523755308

optimum transition matrices:
tm1:
[[  0  -1]
 [-18  -9]]
tm2:
[[ 1  1]
 [-2 -4]]

u,v & angle mismatches:
0.8252582699541124, -0.45079747098197653, 2.7000623958883807e-13

