initial values:
uv1:
[array([2.46590000e+00, 0.00000000e+00, 1.50992827e-16]), array([-1.23295000e+00,  2.13553204e+00,  1.50992827e-16])]
uv2:
[array([4.12088000e+00, 0.00000000e+00, 2.52331125e-16]), array([4.00118605e-16, 2.48811000e+00, 1.52352797e-16])]
 
rmax1, rmax2: 18, 9

searching ...

MATCH FOUND

optimum values:
uv1:
[array([2.46590000e+00, 0.00000000e+00, 1.50992827e-16]), array([-1.33226763e-15, -4.27106409e+00, -4.52978481e-16])]
uv2:
[array([4.00118605e-16, 2.48811000e+00, 1.52352797e-16]), array([4.12088000e+00, 0.00000000e+00, 2.52331125e-16])]
area:
10.253202736799999

optimum transition matrices:
tm1:
[[1 0]
 [1 2]]
tm2:
[[0 1]
 [1 0]]

u,v & angle mismatches:
0.009006853481487331, -0.035163154508234595, 1.4210854715202004e-14

