initial values:
uv1:
[array([2.46590000e+00, 0.00000000e+00, 1.50992827e-16]), array([-1.23295000e+00,  2.13553204e+00,  1.50992827e-16])]
uv2:
[array([4.74261492e+00, 0.00000000e+00, 2.90401409e-16]), array([6.88379414e-16, 4.28064000e+00, 2.62113604e-16])]
 
rmax1, rmax2: 18, 4

searching ...

MATCH FOUND

optimum values:
uv1:
[array([2.46590000e+00, 0.00000000e+00, 1.50992827e-16]), array([-2.66453526e-15, -8.54212817e+00, -9.05956963e-16])]
uv2:
[array([6.88379414e-16, 4.28064000e+00, 2.62113604e-16]), array([4.74261492e+00, 0.00000000e+00, 2.90401409e-16])]
area:
20.301427125775405

optimum transition matrices:
tm1:
[[1 0]
 [2 4]]
tm2:
[[0 1]
 [1 0]]

u,v & angle mismatches:
0.7359341416926883, -0.44479703150979366, 1.4210854715202004e-14

