initial values:
uv1:
[array([2.46590000e+00, 0.00000000e+00, 1.50992827e-16]), array([-1.23295000e+00,  2.13553204e+00,  1.50992827e-16])]
uv2:
[array([1.14750996e+01, 0.00000000e+00, 7.02647200e-16]), array([5.11804331e-16, 3.18262000e+00, 1.94879270e-16])]
 
rmax1, rmax2: 18, 2

searching ...

MATCH FOUND

optimum values:
uv1:
[array([2.46590000e+00, 0.00000000e+00, 1.50992827e-16]), array([-6.21724894e-15, -2.98974486e+01, -3.17084937e-15])]
uv2:
[array([5.11804331e-16, 3.18262000e+00, 1.94879270e-16]), array([2.29501992e+01, 0.00000000e+00, 1.40529440e-15])]
area:
73.04176297992306

optimum transition matrices:
tm1:
[[ 1  0]
 [ 7 14]]
tm2:
[[0 1]
 [2 0]]

u,v & angle mismatches:
0.2906525001013829, -0.23236930668942657, 1.4210854715202004e-14

