initial values:
uv1:
[array([2.46590000e+00, 0.00000000e+00, 1.50992827e-16]), array([-1.23295000e+00,  2.13553204e+00,  1.50992827e-16])]
uv2:
[array([7.88898199e+00, 0.00000000e+00, 4.83060827e-16]), array([6.31118559e+00, 4.73338919e+00, 4.83060827e-16])]
 
rmax1, rmax2: 18, 2

searching ...

MATCH FOUND

optimum values:
uv1:
[array([-3.69885   ,  2.13553204,  0.        ]), array([8.63065000e+00, 1.49487243e+01, 2.11389958e-15])]
uv2:
[array([-1.5777964 ,  4.73338919,  0.        ]), array([1.42001676e+01, 4.73338919e+00, 9.66121654e-16])]
area:
73.72411851430172

optimum transition matrices:
tm1:
[[-1  1]
 [ 7  7]]
tm2:
[[-1  1]
 [ 1  1]]

u,v & angle mismatches:
0.16819373344737132, -0.13284104310810452, 2.842170943040401e-14

