initial values:
uv1:
[array([2.46590000e+00, 0.00000000e+00, 1.50992827e-16]), array([-1.23295000e+00,  2.13553204e+00,  1.50992827e-16])]
uv2:
[array([4.98943030e+00, 0.00000000e+00, 3.05514492e-16]), array([5.67355320e-16, 3.52806000e+00, 2.16031369e-16])]
 
rmax1, rmax2: 18, 5

searching ...

MATCH FOUND

optimum values:
uv1:
[array([-3.69885   ,  2.13553204,  0.        ]), array([6.16475000e+00, 1.06776602e+01, 1.50992827e-15])]
uv2:
[array([4.98943030e+00, 0.00000000e+00, 3.05514492e-16]), array([1.70206596e-15, 1.05841800e+01, 6.48094108e-16])]
area:
52.660084653072694

optimum transition matrices:
tm1:
[[-1  1]
 [ 5  5]]
tm2:
[[1 0]
 [0 3]]

u,v & angle mismatches:
0.16819373344737176, -0.1415564297011236, 1.4210854715202004e-14

