initial values:
uv1:
[array([2.46590000e+00, 0.00000000e+00, 1.50992827e-16]), array([-1.23295000e+00,  2.13553204e+00,  1.50992827e-16])]
uv2:
[array([3.52806000e+00, 0.00000000e+00, 2.16031369e-16]), array([5.67355320e-16, 3.52806000e+00, 2.16031369e-16])]
 
rmax1, rmax2: 18, 8

searching ...

MATCH FOUND

optimum values:
uv1:
[array([2.46590000e+00, 0.00000000e+00, 1.50992827e-16]), array([-6.21724894e-15, -2.56263845e+01, -2.71787089e-15])]
uv2:
[array([3.52806000e+00, 0.00000000e+00, 2.16031369e-16]), array([2.83677660e-15, 1.76403000e+01, 1.08015685e-15])]
area:
62.236036818

optimum transition matrices:
tm1:
[[ 1  0]
 [ 6 12]]
tm2:
[[1 0]
 [0 5]]

u,v & angle mismatches:
0.4307392838314612, -0.3116352411164448, 1.4210854715202004e-14

