initial values:
uv1:
[array([2.46590000e+00, 0.00000000e+00, 1.50992827e-16]), array([-1.23295000e+00,  2.13553204e+00,  1.50992827e-16])]
uv2:
[array([4.74261492e+00, 0.00000000e+00, 2.90401409e-16]), array([-2.37130746e+00,  4.49424578e+00,  3.11150340e-16])]
 
rmax1, rmax2: 18, 4

searching ...

MATCH FOUND

optimum values:
uv1:
[array([-3.69885   ,  2.13553204,  0.        ]), array([4.93180000e+00, 8.54212817e+00, 1.20794262e-15])]
uv2:
[array([4.74261492e+00, 0.00000000e+00, 2.90401409e-16]), array([-2.66453526e-15, -8.98849157e+00, -9.12702089e-16])]
area:
42.128067722458155

optimum transition matrices:
tm1:
[[-1  1]
 [ 4  4]]
tm2:
[[1 0]
 [1 2]]

u,v & angle mismatches:
0.11040593698041334, -0.08872099764744568, 4.263256414560601e-14

