initial values:
uv1:
[array([2.46590000e+00, 0.00000000e+00, 1.50992827e-16]), array([-1.23295000e+00,  2.13553204e+00,  1.50992827e-16])]
uv2:
[array([4.98943030e+00, 0.00000000e+00, 3.05514492e-16]), array([-2.49471515e+00,  4.32097339e+00,  3.05514492e-16])]
 
rmax1, rmax2: 18, 4

searching ...

MATCH FOUND

optimum values:
uv1:
[array([4.93180000e+00, 0.00000000e+00, 3.01985654e-16]), array([2.46590000e+00, 4.27106409e+00, 6.03971308e-16])]
uv2:
[array([2.49471515e+00, 4.32097339e+00, 6.11028985e-16]), array([4.98943030e+00, 0.00000000e+00, 3.05514492e-16])]
area:
21.06403386122908

optimum transition matrices:
tm1:
[[ 2  0]
 [ 2 -2]]
tm2:
[[1 1]
 [1 0]]

u,v & angle mismatches:
0.011685449707210305, 0.011685449707210749, 59.99999999999998

