initial values:
uv1:
[array([2.46590000e+00, 0.00000000e+00, 1.50992827e-16]), array([-1.23295000e+00,  2.13553204e+00,  1.50992827e-16])]
uv2:
[array([3.52806000e+00, 0.00000000e+00, 2.16031369e-16]), array([8.02361588e-16, 4.98943030e+00, 3.05514492e-16])]
 
rmax1, rmax2: 18, 5

searching ...

MATCH FOUND

optimum values:
uv1:
[array([-3.69885   ,  2.13553204,  0.        ]), array([6.16475000e+00, 1.06776602e+01, 1.50992827e-15])]
uv2:
[array([3.52806000e+00, 0.00000000e+00, 2.16031369e-16]), array([2.40708476e-15, 1.49682909e+01, 9.16543477e-16])]
area:
52.660084653072694

optimum transition matrices:
tm1:
[[-1  1]
 [ 5  5]]
tm2:
[[1 0]
 [0 3]]

u,v & angle mismatches:
-0.17396228933973323, 0.21402253964865237, 1.4210854715202004e-14

