initial values:
uv1:
[array([2.46590000e+00, 0.00000000e+00, 1.50992827e-16]), array([-1.23295000e+00,  2.13553204e+00,  1.50992827e-16])]
uv2:
[array([3.86158000e+00, 0.00000000e+00, 2.36453579e-16]), array([6.20989426e-16, 3.86158000e+00, 2.36453579e-16])]
 
rmax1, rmax2: 18, 6

searching ...

MATCH FOUND

optimum values:
uv1:
[array([-3.69885   ,  2.13553204,  0.        ]), array([8.63065000e+00, 1.49487243e+01, 2.11389958e-15])]
uv2:
[array([3.86158000e+00, 0.00000000e+00, 2.36453579e-16]), array([3.10494713e-15, 1.93079000e+01, 1.18226790e-15])]
area:
73.72411851430172

optimum transition matrices:
tm1:
[[-1  1]
 [ 7  7]]
tm2:
[[1 0]
 [0 5]]

u,v & angle mismatches:
-0.09587402064265582, 0.1185658090642081, 2.842170943040401e-14

