initial values:
uv1:
[array([2.46590000e+00, 0.00000000e+00, 1.50992827e-16]), array([-1.23295000e+00,  2.13553204e+00,  1.50992827e-16])]
uv2:
[array([6.95080862e+00, 0.00000000e+00, 4.25614277e-16]), array([-1.07864650e+00,  2.51674137e+00,  1.67663332e-16])]
 
rmax1, rmax2: 18, 5

searching ...

MATCH FOUND

optimum values:
uv1:
[array([2.46590000e+00, 0.00000000e+00, 1.50992827e-16]), array([-6.21724894e-15, -2.13553204e+01, -2.26489241e-15])]
uv2:
[array([ 1.07864650e+00, -2.51674137e+00, -1.67663332e-16]), array([1.76164864e+01, 7.55022412e+00, 1.77983282e-15])]
area:
52.48016291506964

optimum transition matrices:
tm1:
[[ 1  0]
 [ 5 10]]
tm2:
[[ 0 -1]
 [ 3  3]]

u,v & angle mismatches:
0.1104059369804129, -0.10250539529610281, 2.842170943040401e-14

