initial values:
uv1:
[array([2.46590000e+00, 0.00000000e+00, 1.50992827e-16]), array([-1.23295000e+00,  2.13553204e+00,  1.50992827e-16])]
uv2:
[array([5.46109881e+00, 0.00000000e+00, 3.34395859e-16]), array([6.20989426e-16, 3.86158000e+00, 2.36453579e-16])]
 
rmax1, rmax2: 18, 4

searching ...

MATCH FOUND

optimum values:
uv1:
[array([2.46590000e+00, 0.00000000e+00, 1.50992827e-16]), array([-2.66453526e-15, -8.54212817e+00, -9.05956963e-16])]
uv2:
[array([6.20989426e-16, 3.86158000e+00, 2.36453579e-16]), array([5.46109881e+00, 0.00000000e+00, 3.34395859e-16])]
area:
21.06403386122908

optimum transition matrices:
tm1:
[[1 0]
 [2 4]]
tm2:
[[0 1]
 [1 0]]

u,v & angle mismatches:
0.56599213268989, -0.36068638894949356, 1.4210854715202004e-14

