initial values:
uv1:
[array([2.46590000e+00, 0.00000000e+00, 1.50992827e-16]), array([-1.23295000e+00,  2.13553204e+00,  1.50992827e-16])]
uv2:
[array([7.11655467e+00, 0.00000000e+00, 4.35763295e-16]), array([2.84662187e+00, 3.48638553e+00, 2.75600906e-16])]
 
rmax1, rmax2: 18, 4

searching ...

MATCH FOUND

optimum values:
uv1:
[array([-3.69885   ,  2.13553204,  0.        ]), array([8.63065000e+00, 1.49487243e+01, 2.11389958e-15])]
uv2:
[array([-4.26993280e+00,  3.48638553e+00, -1.60162388e-16]), array([8.53986560e+00, 1.04591566e+01, 8.26802719e-16])]
area:
73.72411851430172

optimum transition matrices:
tm1:
[[-1  1]
 [ 7  7]]
tm2:
[[-1  1]
 [ 0  3]]

u,v & angle mismatches:
0.2906525001013833, -0.21774645573394869, 1.4210854715202004e-14

