initial values:
uv1:
[array([2.46590000e+00, 0.00000000e+00, 1.50992827e-16]), array([-1.23295000e+00,  2.13553204e+00,  1.50992827e-16])]
uv2:
[array([2.48811000e+00, 0.00000000e+00, 1.52352797e-16]), array([-1.24405500e+00,  4.65023338e+00,  2.94758158e-16])]
 
rmax1, rmax2: 18, 8

searching ...

MATCH FOUND

optimum values:
uv1:
[array([2.46590000e+00, 0.00000000e+00, 1.50992827e-16]), array([ 1.23295000e+00, -2.34908525e+01, -2.41588523e-15])]
uv2:
[array([2.48811000e+00, 0.00000000e+00, 1.52352797e-16]), array([ 1.24405500e+00, -2.32511669e+01, -1.77849638e-15])]
area:
57.85146089563513

optimum transition matrices:
tm1:
[[  1   0]
 [ -5 -11]]
tm2:
[[ 1  0]
 [-2 -5]]

u,v & angle mismatches:
0.009006853481487331, -0.010150071545046435, 0.05820193395730655

