initial values:
uv1:
[array([2.46590000e+00, 0.00000000e+00, 1.50992827e-16]), array([-1.23295000e+00,  2.13553204e+00,  1.50992827e-16])]
uv2:
[array([1.61982085e+01, 0.00000000e+00, 9.91854212e-16]), array([-1.34210624e+01,  3.84445777e+00,  8.54854281e-16])]
 
rmax1, rmax2: 18, 1

searching ...

MATCH FOUND

optimum values:
uv1:
[array([2.46590000e+00, 0.00000000e+00, 1.50992827e-16]), array([-6.21724894e-15, -2.56263845e+01, -2.71787089e-15])]
uv2:
[array([2.77714615e+00, 3.84445777e+00, 1.84670849e-15]), array([ 1.06439162e+01, -7.68891553e+00, -2.70156277e-15])]
area:
62.27332858755232

optimum transition matrices:
tm1:
[[ 1  0]
 [ 6 12]]
tm2:
[[ 1  1]
 [-1 -2]]

u,v & angle mismatches:
0.9232794998761975, -0.48761444418244415, 8.526512829121202e-14

