initial values:
uv1:
[array([2.46590000e+00, 0.00000000e+00, 1.50992827e-16]), array([-1.23295000e+00,  2.13553204e+00,  1.50992827e-16])]
uv2:
[array([4.47035735e+00, 0.00000000e+00, 2.73730441e-16]), array([-2.23517868e+00,  3.87144303e+00,  2.73730441e-16])]
 
rmax1, rmax2: 18, 5

searching ...

MATCH FOUND

optimum values:
uv1:
[array([-8.63065000e+00,  2.13553204e+00, -3.01985654e-16]), array([-2.46590000e+00,  8.54212817e+00,  7.54964136e-16])]
uv2:
[array([4.47035735e+00, 7.74288607e+00, 1.09492177e-15]), array([8.94071471e+00, 0.00000000e+00, 5.47460883e-16])]
area:
68.45811004899451

optimum transition matrices:
tm1:
[[-3  1]
 [ 1  4]]
tm2:
[[2 2]
 [2 0]]

u,v & angle mismatches:
0.005599619602582928, 0.005599619602582928, 0.0

