initial values:
uv1:
[array([2.46590000e+00, 0.00000000e+00, 1.50992827e-16]), array([-1.23295000e+00,  2.13553204e+00,  1.50992827e-16])]
uv2:
[array([8.63475538e+00, 0.00000000e+00, 5.28726277e-16]), array([3.45390215e+00, 4.23014895e+00, 3.34395859e-16])]
 
rmax1, rmax2: 18, 2

searching ...

MATCH FOUND

optimum values:
uv1:
[array([1.33226763e-15, 4.27106409e+00, 4.52978481e-16]), array([-1.72613000e+01,  7.10542736e-15, -1.05694979e-15])]
uv2:
[array([-5.18085323e+00,  4.23014895e+00, -1.94330418e-16]), array([6.90780430e+00, 8.46029789e+00, 6.68791718e-16])]
area:
73.05260276513006

optimum transition matrices:
tm1:
[[ 1  2]
 [-7  0]]
tm2:
[[-1  1]
 [ 0  2]]

u,v & angle mismatches:
0.5659921326898905, -0.3672436249658253, 2.842170943040401e-14

