initial values:
uv1:
[array([2.46590000e+00, 0.00000000e+00, 1.50992827e-16]), array([-1.23295000e+00,  2.13553204e+00,  1.50992827e-16])]
uv2:
[array([1.14750996e+01, 0.00000000e+00, 7.02647200e-16]), array([2.64809991e+00, 3.63946521e+00, 2.75600906e-16])]
 
rmax1, rmax2: 18, 2

searching ...

MATCH FOUND

optimum values:
uv1:
[array([2.46590000e+00, 0.00000000e+00, 1.50992827e-16]), array([-9.76996262e-15, -3.41685127e+01, -3.62382785e-15])]
uv2:
[array([2.64809991e+00, 3.63946521e+00, 2.75600906e-16]), array([ 1.50058995e+01, -1.09183956e+01,  5.78491680e-16])]
area:
83.52645152960615

optimum transition matrices:
tm1:
[[ 1  0]
 [ 8 16]]
tm2:
[[ 0  1]
 [-2  3]]

u,v & angle mismatches:
0.8252582699541182, -0.4568770292298636, 0.0

