initial values:
uv1:
[array([2.46590000e+00, 0.00000000e+00, 1.50992827e-16]), array([-1.23295000e+00,  2.13553204e+00,  1.50992827e-16])]
uv2:
[array([2.73815000e+00, 0.00000000e+00, 1.67663332e-16]), array([-1.36907500e+00,  2.37130746e+00,  1.67663332e-16])]
 
rmax1, rmax2: 18, 15

searching ...

MATCH FOUND

optimum values:
uv1:
[array([2.46590000e+00, 0.00000000e+00, 1.50992827e-16]), array([-6.21724894e-15, -2.13553204e+01, -2.26489241e-15])]
uv2:
[array([-4.107225  ,  2.37130746,  0.        ]), array([5.47630000e+00, 9.48522984e+00, 1.34130665e-15])]
area:
51.943964159043446

optimum transition matrices:
tm1:
[[ 1  0]
 [ 5 10]]
tm2:
[[-1  1]
 [ 4  4]]

u,v & angle mismatches:
0.9232794998761997, -0.4871254666996798, 2.842170943040401e-14

