initial values:
uv1:
[array([2.46590000e+00, 0.00000000e+00, 1.50992827e-16]), array([-1.23295000e+00,  2.13553204e+00,  1.50992827e-16])]
uv2:
[array([3.16102000e+00, 0.00000000e+00, 1.93556651e-16]), array([7.18888291e-16, 4.47035735e+00, 2.73730441e-16])]
 
rmax1, rmax2: 18, 7

searching ...

MATCH FOUND

optimum values:
uv1:
[array([-3.69885   ,  2.13553204,  0.        ]), array([4.93180000e+00, 8.54212817e+00, 1.20794262e-15])]
uv2:
[array([3.16102000e+00, 0.00000000e+00, 1.93556651e-16]), array([2.15666487e-15, 1.34110721e+01, 8.21191324e-16])]
area:
42.128067722458155

optimum transition matrices:
tm1:
[[-1  1]
 [ 4  4]]
tm2:
[[1 0]
 [0 3]]

u,v & angle mismatches:
-0.2598987193666443, 0.359652871649073, 2.842170943040401e-14

