initial values:
uv1:
[array([2.46590000e+00, 0.00000000e+00, 1.50992827e-16]), array([-1.23295000e+00,  2.13553204e+00,  1.50992827e-16])]
uv2:
[array([2.48811000e+00, 0.00000000e+00, 1.52352797e-16]), array([-1.24405500e+00,  2.15476647e+00,  1.52352797e-16])]
 
rmax1, rmax2: 18, 18

searching ...

MATCH FOUND

optimum values:
uv1:
[array([2.46590000e+00, 0.00000000e+00, 1.50992827e-16]), array([-1.23295000e+00,  2.13553204e+00,  1.50992827e-16])]
uv2:
[array([2.48811000e+00, 0.00000000e+00, 1.52352797e-16]), array([-1.24405500e+00,  2.15476647e+00,  1.52352797e-16])]
area:
5.26600846530727

optimum transition matrices:
tm1:
[[ 1  0]
 [ 0 -1]]
tm2:
[[ 1  0]
 [ 0 -1]]

u,v & angle mismatches:
0.009006853481487331, 0.009006853481487331, 0.0

