initial values:
uv1:
[array([2.46590000e+00, 0.00000000e+00, 1.50992827e-16]), array([-1.23295000e+00,  2.13553204e+00,  1.50992827e-16])]
uv2:
[array([7.24446395e+00, 0.00000000e+00, 4.43595480e-16]), array([6.88379414e-16, 4.28064000e+00, 2.62113604e-16])]
 
rmax1, rmax2: 18, 3

searching ...

MATCH FOUND

optimum values:
uv1:
[array([2.46590000e+00, 0.00000000e+00, 1.50992827e-16]), array([-4.44089210e-15, -1.28131923e+01, -1.35893544e-15])]
uv2:
[array([6.88379414e-16, 4.28064000e+00, 2.62113604e-16]), array([7.24446395e+00, 0.00000000e+00, 4.43595480e-16])]
area:
31.010942173165187

optimum transition matrices:
tm1:
[[1 0]
 [3 6]]
tm2:
[[0 1]
 [1 0]]

u,v & angle mismatches:
0.7359341416926883, -0.43460897129543286, 1.4210854715202004e-14

