initial values:
uv1:
[array([2.46590000e+00, 0.00000000e+00, 1.50992827e-16]), array([-1.23295000e+00,  2.13553204e+00,  1.50992827e-16])]
uv2:
[array([4.50090437e+00, 0.00000000e+00, 2.75600906e-16]), array([5.11804331e-16, 3.18262000e+00, 1.94879270e-16])]
 
rmax1, rmax2: 18, 6

searching ...

MATCH FOUND

optimum values:
uv1:
[array([-3.69885   ,  2.13553204,  0.        ]), array([4.93180000e+00, 8.54212817e+00, 1.20794262e-15])]
uv2:
[array([4.50090437e+00, 0.00000000e+00, 2.75600906e-16]), array([1.53541299e-15, 9.54786000e+00, 5.84637809e-16])]
area:
42.128067722458155

optimum transition matrices:
tm1:
[[-1  1]
 [ 4  4]]
tm2:
[[1 0]
 [0 3]]

u,v & angle mismatches:
0.05381335349860117, -0.03201062492396323, 2.842170943040401e-14

