initial values:
uv1:
[array([2.46590000e+00, 0.00000000e+00, 1.50992827e-16]), array([-1.23295000e+00,  2.13553204e+00,  1.50992827e-16])]
uv2:
[array([4.30953293e+00, 0.00000000e+00, 2.63882786e-16]), array([-2.15476647e+00,  4.30457022e+00,  2.94758158e-16])]
 
rmax1, rmax2: 18, 5

searching ...

MATCH FOUND

optimum values:
uv1:
[array([-3.69885   ,  2.13553204,  0.        ]), array([8.63065000e+00, 1.49487243e+01, 2.11389958e-15])]
uv2:
[array([4.30953293e+00, 0.00000000e+00, 2.63882786e-16]), array([-5.32907052e-15, -1.72182809e+01, -1.70679820e-15])]
area:
73.72411851430172

optimum transition matrices:
tm1:
[[-1  1]
 [ 7  7]]
tm2:
[[1 0]
 [2 4]]

u,v & angle mismatches:
0.009006853481487331, -0.002492228401420493, 4.263256414560601e-14

