initial values:
uv1:
[array([2.46590000e+00, 0.00000000e+00, 1.50992827e-16]), array([-1.23295000e+00,  2.13553204e+00,  1.50992827e-16])]
uv2:
[array([4.30953293e+00, 0.00000000e+00, 2.63882786e-16]), array([6.62688046e-16, 4.12088000e+00, 2.52331125e-16])]
 
rmax1, rmax2: 18, 5

searching ...

MATCH FOUND

optimum values:
uv1:
[array([-3.69885   ,  2.13553204,  0.        ]), array([6.16475000e+00, 1.06776602e+01, 1.50992827e-15])]
uv2:
[array([4.30953293e+00, 0.00000000e+00, 2.63882786e-16]), array([1.98806414e-15, 1.23626400e+01, 7.56993375e-16])]
area:
52.660084653072694

optimum transition matrices:
tm1:
[[-1  1]
 [ 5  5]]
tm2:
[[1 0]
 [0 3]]

u,v & angle mismatches:
0.009006853481487775, 0.002687862443732092, 1.4210854715202004e-14

