initial values:
uv1:
[array([2.46590000e+00, 0.00000000e+00, 1.50992827e-16]), array([-1.23295000e+00,  2.13553204e+00,  1.50992827e-16])]
uv2:
[array([4.81376603e+00, 0.00000000e+00, 2.94758158e-16]), array([-6.43019555e-01,  2.40358425e+00,  1.52352797e-16])]
 
rmax1, rmax2: 18, 8

searching ...

MATCH FOUND

optimum values:
uv1:
[array([2.46590000e+00, 0.00000000e+00, 1.50992827e-16]), array([ 1.23295000e+00, -2.34908525e+01, -2.41588523e-15])]
uv2:
[array([ 6.43019555e-01, -2.40358425e+00, -1.52352797e-16]), array([2.27827910e+01, 4.80716849e+00, 1.77849638e-15])]
area:
57.85146089563512

optimum transition matrices:
tm1:
[[  1   0]
 [ -5 -11]]
tm2:
[[ 0 -1]
 [ 5  2]]

u,v & angle mismatches:
0.009006853481487331, -0.010150071545046546, 0.05820193395729234

