initial values:
uv1:
[array([2.46590000e+00, 0.00000000e+00, 1.50992827e-16]), array([-1.23295000e+00,  2.13553204e+00,  1.50992827e-16])]
uv2:
[array([7.0682556e+00, 0.0000000e+00, 4.3280583e-16]), array([2.82730224e+00, 3.46272392e+00, 2.73730441e-16])]
 
rmax1, rmax2: 18, 4

searching ...

MATCH FOUND

optimum values:
uv1:
[array([2.46590000e+00, 0.00000000e+00, 1.50992827e-16]), array([-6.21724894e-15, -2.98974486e+01, -3.17084937e-15])]
uv2:
[array([2.82730224e+00, 3.46272392e+00, 2.73730441e-16]), array([ 1.27228601e+01, -1.03881718e+01,  4.77226165e-16])]
area:
73.42625314398815

optimum transition matrices:
tm1:
[[ 1  0]
 [ 7 14]]
tm2:
[[ 0  1]
 [-3  3]]

u,v & angle mismatches:
0.812870495532098, -0.45061727679838715, 0.0

