initial values:
uv1:
[array([2.46590000e+00, 0.00000000e+00, 1.50992827e-16]), array([-1.23295000e+00,  2.13553204e+00,  1.50992827e-16])]
uv2:
[array([7.88898199e+00, 0.00000000e+00, 4.83060827e-16]), array([5.67355320e-16, 3.52806000e+00, 2.16031369e-16])]
 
rmax1, rmax2: 18, 3

searching ...

MATCH FOUND

optimum values:
uv1:
[array([2.46590000e+00, 0.00000000e+00, 1.50992827e-16]), array([-9.76996262e-15, -3.41685127e+01, -3.62382785e-15])]
uv2:
[array([5.67355320e-16, 3.52806000e+00, 2.16031369e-16]), array([2.36669460e+01, 0.00000000e+00, 1.44918248e-15])]
area:
83.49840538513662

optimum transition matrices:
tm1:
[[ 1  0]
 [ 8 16]]
tm2:
[[0 1]
 [3 0]]

u,v & angle mismatches:
0.4307392838314612, -0.30734632261950323, 1.4210854715202004e-14

