initial values:
uv1:
[array([2.46590000e+00, 0.00000000e+00, 1.50992827e-16]), array([-1.23295000e+00,  2.13553204e+00,  1.50992827e-16])]
uv2:
[array([5.08147068e+00, 0.00000000e+00, 3.11150340e-16]), array([-7.37725936e-01,  2.63689701e+00,  1.67663332e-16])]
 
rmax1, rmax2: 18, 7

searching ...

MATCH FOUND

optimum values:
uv1:
[array([-3.69885   ,  2.13553204,  0.        ]), array([6.16475000e+00, 1.06776602e+01, 1.50992827e-15])]
uv2:
[array([ 1.47545187e+00, -5.27379403e+00, -3.35326663e-16]), array([9.42521542e+00, 2.63689701e+00, 7.89964011e-16])]
area:
52.660084653072694

optimum transition matrices:
tm1:
[[-1  1]
 [ 5  5]]
tm2:
[[ 0 -2]
 [ 2  1]]

u,v & angle mismatches:
0.28218633325080056, -0.20620220681028945, 1.4210854715202004e-14

