initial values:
uv1:
[array([2.46590000e+00, 0.00000000e+00, 1.50992827e-16]), array([-1.23295000e+00,  2.13553204e+00,  1.50992827e-16])]
uv2:
[array([3.1826200e+00, 0.0000000e+00, 1.9487927e-16]), array([5.11804331e-16, 3.18262000e+00, 1.94879270e-16])]
 
rmax1, rmax2: 18, 9

searching ...

MATCH FOUND

optimum values:
uv1:
[array([2.46590000e+00, 0.00000000e+00, 1.50992827e-16]), array([-1.33226763e-15, -4.27106409e+00, -4.52978481e-16])]
uv2:
[array([3.1826200e+00, 0.0000000e+00, 1.9487927e-16]), array([5.11804331e-16, 3.18262000e+00, 1.94879270e-16])]
area:
10.1290700644

optimum transition matrices:
tm1:
[[1 0]
 [1 2]]
tm2:
[[1 0]
 [0 1]]

u,v & angle mismatches:
0.2906525001013829, -0.2548414316362032, 1.4210854715202004e-14

